[07/16/26 20:02:21] info     ================= cer started =================
[07/16/26 20:02:21] info     C:\Program Files\Autodesk\AutoCAD 2027\cer.dll, 7.2.4+20251128.8f05bb68.927
[07/16/26 20:02:21] info     Setting key SP/SDK_VERSION, value 7.2.4+20251128.8f05bb68.927 (maxCount 1)
[07/16/26 20:02:21] info     Setting key SP/PRODUCT_NAME_HASH, value f4bac121a1625586cb5b9106c8e839a7990f2b6c (maxCount 1)
[07/16/26 20:02:21] info     Setting key SP/RUNTIME_ARCH, value 1 (maxCount 1)
[07/16/26 20:02:21] info     Set senddmp exe path to C:\Program Files\Autodesk\AutoCAD 2027\CER\senddmp.exe
[07/16/26 20:02:21] info     The cer_service exe C:\Program Files\Autodesk\AutoCAD 2027\CER\service\cer_service.exe is not in folder C:\Program Files\Autodesk\AutoCAD 2027\CER\, it's not a sandbox
[07/16/26 20:02:21] info     Set upi exe path to C:\Program Files\Autodesk\AutoCAD 2027\CER\upi.exe
[07/16/26 20:02:21] info     launching C:\Program Files\Autodesk\AutoCAD 2027\CER\upi.exe --cmd=get-device-id C:\Users\22494\AppData\Local\Temp\15FCE767F24F74D1\Temp\upi_deviceid2
[07/16/26 20:02:22] info     Set deviceID2 to 8602704D15AFA95CCC57EEAE2180C78774BB19EE109ED09BCCBC93928A297E43&18F97898AA385866B01A5D063E309A61A4F8750532D8E8AF1B1551B410245E3C&D6247BF53C8B79D9D4AB730A51FCE0FBB61C6FE505B126CA02536CF2CA6198AF
[07/16/26 20:02:22] info     Setting key SP/DEVICEID2, value 8602704D15AFA95CCC57EEAE2180C78774BB19EE109ED09BCCBC93928A297E43&18F97898AA385866B01A5D063E309A61A4F8750532D8E8AF1B1551B410245E3C&D6247BF53C8B79D9D4AB730A51FCE0FBB61C6FE505B126CA02536CF2CA6198AF (maxCount 1)
[07/16/26 20:02:22] info     Setting key SP/UUID, value f4bac121a1625586cb5b9106c8e839a7990f2b6c8602704D15AFA95CCC57EEAE2180C78774BB19EE109ED09BCCBC93928A297E43&18F97898AA385866B01A5D063E309A61A4F8750532D8E8AF1B1551B410245E3C&D6247BF53C8B79D9D4AB730A51FCE0FBB61C6FE505B126CA02536CF2CA6198AF (maxCount 1)
[07/16/26 20:02:22] info     Set senddmp exe path to C:\Program Files\Autodesk\AutoCAD 2027\CER\senddmp.exe
[07/16/26 20:02:22] info     The cer_service exe C:\Program Files\Autodesk\AutoCAD 2027\CER\service\cer_service.exe is not in folder C:\Program Files\Autodesk\AutoCAD 2027\CER\, it's not a sandbox
[07/16/26 20:02:22] info     launching C:\Program Files\Autodesk\AutoCAD 2027\CER\upi.exe "C:\Program Files\Autodesk\AutoCAD 2027\en-US\UPI\upiconfig.xml" C:\Users\22494\AppData\Local\Temp\15FCE767F24F74D1\Temp\upi_info.xml
[07/16/26 20:02:22] info     Setting key SP/UPI_PRODUCT, value ACD (maxCount 1)
[07/16/26 20:02:22] info     Setting key SP/UPI_RELEASE, value 2027 (maxCount 1)
[07/16/26 20:02:22] info     Setting key SP/UPI_MASTER, value {28B89EEF-A101-0409-2102-CF3F3A09B77D} (maxCount 1)
[07/16/26 20:02:22] info     Setting key SP/UPI_BUILD, value 26.0.60.0.0 (maxCount 1)
[07/16/26 20:02:22] info     Setting key SP/UPI_FULL_XML, value <?xml version="1.0"?><upipackage><upivalue version="1.0" type="product" requestingapp="true"><level name="productline" id="ACD"><level name="release" id="2027"><level name="master" id="{28B89EEF-A101-0409-2102-CF3F3A09B77D}"><level name="build" id="26.0.60.0.0"/></level></level></level></upivalue>
<upivalue version="1.0" type="product"><level name="productline" id="ACD"><level name="release" id="2027"><level name="master" id="{28B89EEF-A101-0409-1102-CF3F3A09B77D}"><level name="build" id="26.0.60.0.0"/></level></level></level></upivalue>
<upivalue version="1.0" type="product"><level name="productline" id="ACD"><level name="release" id="2027"><level name="master" id="{28B89EEF-A101-0000-0102-CF3F3A09B77D}"><level name="build" id="26.0.60.0.0"/></level></level></level></upivalue>
<upivalue version="1.0" type="product"><level name="productline" id="ARCHDESK"><level name="release" id="2027"><level name="master" id="{28B89EEE-A104-0000-5102-CF3F3A09B77D}"><level name="build" id="8.9.46.0"/></level></level></level></upivalue>
</upipackage> (maxCount 1)
[07/16/26 20:02:22] info     set legacy options: /APPICON "C:\Program Files\Autodesk\AutoCAD 2027\AcBrandRes.dll" /APPICONID 1
[07/16/26 20:02:22] info     Setting key RP/AppIcon, value C:\Program Files\Autodesk\AutoCAD 2027\AcBrandRes.dll (maxCount 1)
[07/16/26 20:02:22] info     Setting key RP/AppIconId, value 1 (maxCount 1)
[07/16/26 20:02:22] info     Setting key RP/CadSettingsRegPath, value Software\Autodesk\AutoCAD\R26.0\ACAD-A101:409\CadManagerControl\CustomerErrorReport (maxCount 1)
[07/16/26 20:02:22] info     Setting key RP/AppLocaleId, value 1033 (maxCount 1)
[07/16/26 20:02:22] info     Setting key RP/AppXML, value <ProductInformation name ="AutoCAD" build_version="X.60.0.0(x64)" registry_version="26.0" install_id_string="15FCE767F24F74D1" registry_localeID="1033" git_commit_id="90c984aa66a571142ee0757584bac517eec2175a" /> (maxCount 100)
[07/16/26 20:02:22] info     Setting key SP/THEME_TYPE, value Blue (maxCount 1)
[07/16/26 20:02:22] info     Setting key SP/EXCEPTION_INFO_POINTER, value 140721359848728 (maxCount 1)
[07/16/26 20:02:22] info     Setting key SP/THREAD_ID, value 4294967295 (maxCount 1)
[07/16/26 20:02:22] info     Get key SP/THREAD_ID, index 0: "4294967295"
[07/16/26 20:02:22] info     Setting key SP/WER, value 0 (maxCount 1)
[07/16/26 20:02:22] info     Get key SP/WER, index 0: "0"
[07/16/26 20:02:22] info     Registered C:\Program Files\Autodesk\AutoCAD 2027\cer.dll as WER runtime exception module
[07/16/26 20:02:22] info     Current ErrorMode is 32769
[07/16/26 20:02:22] debug    Receiver ping: pong
